<?xml version="1.0" encoding="UTF-8"?>
<testsuite name="TicTacToeTest" tests="1" skipped="0" failures="0" errors="0" timestamp="2021-07-22T18:43:06" hostname="kiran-nyayapati" time="0.663">
  <properties/>
  <testcase name="start" classname="TicTacToeTest" time="0.663"/>
  <system-out><![CDATA[?[1;31m
Start test 1?[0m
---------
| _ _ _ |
| _ _ _ |
| _ _ _ |
---------
Enter the coordinates: 
> 3 4
Coordinates should be from 1 to 3!
> 1 4
Coordinates should be from 1 to 3!
> 2 3
---------
| _ _ _ |
| _ _ X |
| _ _ _ |
---------
Enter the coordinates: 
> 3 4
Coordinates should be from 1 to 3!
> 1 4
Coordinates should be from 1 to 3!
> 1 2
---------
| _ O _ |
| _ _ X |
| _ _ _ |
---------
Enter the coordinates: 
> 3 3
---------
| _ O _ |
| _ _ X |
| _ _ X |
---------
Enter the coordinates: 
> 2 2
---------
| _ O _ |
| _ O X |
| _ _ X |
---------
Enter the coordinates: 
> 2 1
---------
| _ O _ |
| X O X |
| _ _ X |
---------
Enter the coordinates: 
> 1 1
---------
| O O _ |
| X O X |
| _ _ X |
---------
Enter the coordinates: 
> 1 1
This cell is occupied! Choose another one!
> 1 2
This cell is occupied! Choose another one!
> 1 3
---------
| O O X |
| X O X |
| _ _ X |
---------
X wins
?[1;31m
Start test 2?[0m
---------
| _ _ _ |
| _ _ _ |
| _ _ _ |
---------
Enter the coordinates: 
> 4 1
Coordinates should be from 1 to 3!
> 1 2
---------
| _ X _ |
| _ _ _ |
| _ _ _ |
---------
Enter the coordinates: 
> 3 3
---------
| _ X _ |
| _ _ _ |
| _ _ O |
---------
Enter the coordinates: 
> 2 1
---------
| _ X _ |
| X _ _ |
| _ _ O |
---------
Enter the coordinates: 
> 1 3
---------
| _ X O |
| X _ _ |
| _ _ O |
---------
Enter the coordinates: 
> 1 1
---------
| X X O |
| X _ _ |
| _ _ O |
---------
Enter the coordinates: 
> 2 1
This cell is occupied! Choose another one!
> 2 2
---------
| X X O |
| X O _ |
| _ _ O |
---------
Enter the coordinates: 
> 3 3
This cell is occupied! Choose another one!
> 4 2
Coordinates should be from 1 to 3!
> 1 1
This cell is occupied! Choose another one!
> 1 2
This cell is occupied! Choose another one!
> 1 3
This cell is occupied! Choose another one!
> 2 1
This cell is occupied! Choose another one!
> 2 2
This cell is occupied! Choose another one!
> 2 3
---------
| X X O |
| X O X |
| _ _ O |
---------
Enter the coordinates: 
> 3 1
---------
| X X O |
| X O X |
| O _ O |
---------
O wins
?[1;31m
Start test 3?[0m
---------
| _ _ _ |
| _ _ _ |
| _ _ _ |
---------
Enter the coordinates: 
> 4 2
Coordinates should be from 1 to 3!
> 2 2
---------
| _ _ _ |
| _ X _ |
| _ _ _ |
---------
Enter the coordinates: 
> 1 4
Coordinates should be from 1 to 3!
> 4 4
Coordinates should be from 1 to 3!
> 3 2
---------
| _ _ _ |
| _ X _ |
| _ O _ |
---------
Enter the coordinates: 
> 3 4
Coordinates should be from 1 to 3!
> 1 4
Coordinates should be from 1 to 3!
> 3 4
Coordinates should be from 1 to 3!
> 2 2
This cell is occupied! Choose another one!
> 2 2
This cell is occupied! Choose another one!
> 1 3
---------
| _ _ X |
| _ X _ |
| _ O _ |
---------
Enter the coordinates: 
> 2 1
---------
| _ _ X |
| O X _ |
| _ O _ |
---------
Enter the coordinates: 
> 2 2
This cell is occupied! Choose another one!
> 2 3
---------
| _ _ X |
| O X X |
| _ O _ |
---------
Enter the coordinates: 
> 3 1
---------
| _ _ X |
| O X X |
| O O _ |
---------
Enter the coordinates: 
> 3 2
This cell is occupied! Choose another one!
> 3 3
---------
| _ _ X |
| O X X |
| O O X |
---------
X wins
?[1;31m
Start test 4?[0m
---------
| _ _ _ |
| _ _ _ |
| _ _ _ |
---------
Enter the coordinates: 
> 4 3
Coordinates should be from 1 to 3!
> 3 1
---------
| _ _ _ |
| _ _ _ |
| X _ _ |
---------
Enter the coordinates: 
> 2 2
---------
| _ _ _ |
| _ O _ |
| X _ _ |
---------
Enter the coordinates: 
> 4 2
Coordinates should be from 1 to 3!
> 2 3
---------
| _ _ _ |
| _ O X |
| X _ _ |
---------
Enter the coordinates: 
> 3 1
This cell is occupied! Choose another one!
> 4 4
Coordinates should be from 1 to 3!
> 1 3
---------
| _ _ O |
| _ O X |
| X _ _ |
---------
Enter the coordinates: 
> 3 2
---------
| _ _ O |
| _ O X |
| X X _ |
---------
Enter the coordinates: 
> 4 1
Coordinates should be from 1 to 3!
> 4 1
Coordinates should be from 1 to 3!
> 2 1
---------
| _ _ O |
| O O X |
| X X _ |
---------
Enter the coordinates: 
> 2 2
This cell is occupied! Choose another one!
> 2 3
This cell is occupied! Choose another one!
> 3 1
This cell is occupied! Choose another one!
> 3 2
This cell is occupied! Choose another one!
> 3 3
---------
| _ _ O |
| O O X |
| X X X |
---------
X wins
?[1;31m
Start test 5?[0m
---------
| _ _ _ |
| _ _ _ |
| _ _ _ |
---------
Enter the coordinates: 
> 3 3
---------
| _ _ _ |
| _ _ _ |
| _ _ X |
---------
Enter the coordinates: 
> 4 4
Coordinates should be from 1 to 3!
> 1 3
---------
| _ _ O |
| _ _ _ |
| _ _ X |
---------
Enter the coordinates: 
> 2 1
---------
| _ _ O |
| X _ _ |
| _ _ X |
---------
Enter the coordinates: 
> 2 2
---------
| _ _ O |
| X O _ |
| _ _ X |
---------
Enter the coordinates: 
> 4 4
Coordinates should be from 1 to 3!
> 1 4
Coordinates should be from 1 to 3!
> 1 2
---------
| _ X O |
| X O _ |
| _ _ X |
---------
Enter the coordinates: 
> 3 4
Coordinates should be from 1 to 3!
> 3 1
---------
| _ X O |
| X O _ |
| O _ X |
---------
O wins
?[1;31m
Start test 6?[0m
---------
| _ _ _ |
| _ _ _ |
| _ _ _ |
---------
Enter the coordinates: 
> 4 5
Coordinates should be from 1 to 3!
> 4 4
Coordinates should be from 1 to 3!
> 2 4
Coordinates should be from 1 to 3!
> 3 3
---------
| _ _ _ |
| _ _ _ |
| _ _ X |
---------
Enter the coordinates: 
> 1 1
---------
| O _ _ |
| _ _ _ |
| _ _ X |
---------
Enter the coordinates: 
> 4 2
Coordinates should be from 1 to 3!
> 2 2
---------
| O _ _ |
| _ X _ |
| _ _ X |
---------
Enter the coordinates: 
> 3 3
This cell is occupied! Choose another one!
> 2 4
Coordinates should be from 1 to 3!
> 4 1
Coordinates should be from 1 to 3!
> 1 4
Coordinates should be from 1 to 3!
> 2 3
---------
| O _ _ |
| _ X O |
| _ _ X |
---------
Enter the coordinates: 
> 3 1
---------
| O _ _ |
| _ X O |
| X _ X |
---------
Enter the coordinates: 
> 3 2
---------
| O _ _ |
| _ X O |
| X O X |
---------
Enter the coordinates: 
> 3 3
This cell is occupied! Choose another one!
> 1 1
This cell is occupied! Choose another one!
> 1 2
---------
| O X _ |
| _ X O |
| X O X |
---------
Enter the coordinates: 
> 1 3
---------
| O X O |
| _ X O |
| X O X |
---------
Enter the coordinates: 
> 2 1
---------
| O X O |
| X X O |
| X O X |
---------
Draw
?[1;31m
Start test 7?[0m
---------
| _ _ _ |
| _ _ _ |
| _ _ _ |
---------
Enter the coordinates: 
> 4 4
Coordinates should be from 1 to 3!
> 2 3
---------
| _ _ _ |
| _ _ X |
| _ _ _ |
---------
Enter the coordinates: 
> 3 1
---------
| _ _ _ |
| _ _ X |
| O _ _ |
---------
Enter the coordinates: 
> 3 2
---------
| _ _ _ |
| _ _ X |
| O X _ |
---------
Enter the coordinates: 
> 1 4
Coordinates should be from 1 to 3!
> 2 2
---------
| _ _ _ |
| _ O X |
| O X _ |
---------
Enter the coordinates: 
> 4 1
Coordinates should be from 1 to 3!
> 3 2
This cell is occupied! Choose another one!
> 2 3
This cell is occupied! Choose another one!
> 3 3
---------
| _ _ _ |
| _ O X |
| O X X |
---------
Enter the coordinates: 
> 3 1
This cell is occupied! Choose another one!
> 3 2
This cell is occupied! Choose another one!
> 3 3
This cell is occupied! Choose another one!
> 1 1
---------
| O _ _ |
| _ O X |
| O X X |
---------
Enter the coordinates: 
> 1 2
---------
| O X _ |
| _ O X |
| O X X |
---------
Enter the coordinates: 
> 1 3
---------
| O X O |
| _ O X |
| O X X |
---------
O wins
?[1;31m
Start test 8?[0m
---------
| _ _ _ |
| _ _ _ |
| _ _ _ |
---------
Enter the coordinates: 
> 4 7
Coordinates should be from 1 to 3!
> 1 1
---------
| X _ _ |
| _ _ _ |
| _ _ _ |
---------
Enter the coordinates: 
> 2 4
Coordinates should be from 1 to 3!
> 1 3
---------
| X _ O |
| _ _ _ |
| _ _ _ |
---------
Enter the coordinates: 
> 4 3
Coordinates should be from 1 to 3!
> 4 2
Coordinates should be from 1 to 3!
> 3 4
Coordinates should be from 1 to 3!
> 3 1
---------
| X _ O |
| _ _ _ |
| X _ _ |
---------
Enter the coordinates: 
> 2 4
Coordinates should be from 1 to 3!
> 2 4
Coordinates should be from 1 to 3!
> 4 2
Coordinates should be from 1 to 3!
> 3 2
---------
| X _ O |
| _ _ _ |
| X O _ |
---------
Enter the coordinates: 
> 3 3
---------
| X _ O |
| _ _ _ |
| X O X |
---------
Enter the coordinates: 
> 1 1
This cell is occupied! Choose another one!
> 1 2
---------
| X O O |
| _ _ _ |
| X O X |
---------
Enter the coordinates: 
> 1 3
This cell is occupied! Choose another one!
> 2 1
---------
| X O O |
| X _ _ |
| X O X |
---------
X wins
?[1;31m
Start test 9?[0m
---------
| _ _ _ |
| _ _ _ |
| _ _ _ |
---------
Enter the coordinates: 
> 2 2
---------
| _ _ _ |
| _ X _ |
| _ _ _ |
---------
Enter the coordinates: 
> 3 3
---------
| _ _ _ |
| _ X _ |
| _ _ O |
---------
Enter the coordinates: 
> 4 2
Coordinates should be from 1 to 3!
> 1 2
---------
| _ X _ |
| _ X _ |
| _ _ O |
---------
Enter the coordinates: 
> 1 1
---------
| O X _ |
| _ X _ |
| _ _ O |
---------
Enter the coordinates: 
> 1 1
This cell is occupied! Choose another one!
> 1 1
This cell is occupied! Choose another one!
> 4 3
Coordinates should be from 1 to 3!
> 1 3
---------
| O X X |
| _ X _ |
| _ _ O |
---------
Enter the coordinates: 
> 4 4
Coordinates should be from 1 to 3!
> 3 3
This cell is occupied! Choose another one!
> 1 1
This cell is occupied! Choose another one!
> 1 2
This cell is occupied! Choose another one!
> 1 3
This cell is occupied! Choose another one!
> 2 1
---------
| O X X |
| O X _ |
| _ _ O |
---------
Enter the coordinates: 
> 2 2
This cell is occupied! Choose another one!
> 2 3
---------
| O X X |
| O X X |
| _ _ O |
---------
Enter the coordinates: 
> 3 1
---------
| O X X |
| O X X |
| O _ O |
---------
O wins
]]></system-out>
  <system-err><![CDATA[]]></system-err>
</testsuite>
