<?xml version="1.0" encoding="UTF-8"?>
<testsuite name="TicTacToeTest" tests="1" skipped="0" failures="0" errors="0" timestamp="2021-06-26T01:31:38" hostname="kiran-nyayapati" time="0.282">
  <properties/>
  <testcase name="start" classname="TicTacToeTest" time="0.282"/>
  <system-out><![CDATA[?[1;31m
Start test 1?[0m
X O X
O X O
X X O
]]></system-out>
  <system-err><![CDATA[]]></system-err>
</testsuite>
